2021-03-03 16:21:09,502 - MyLog - DEBUG - 
SELECT survey_id,
       title,
       content,
       interview_cnt,
       deadline,
       in_date,
       in_user_id,
       up_date,
       up_user_id
from survey
2021-03-03 16:21:24,790 - MyLog - DEBUG - 
insert into survey (survey_id, title, content, interview_cnt, deadline, in_date, in_user_id, up_date, up_user_id)
values (:1, :2, :3, :4, :5, to_char(sysdate, 'YYYYMMDD.HH24MISS'), :6, to_char(sysdate, 'YYYYMMDD.HH24MISS'), :7)
2021-03-03 16:21:24,790 - MyLog - DEBUG - 
insert into survey (survey_id, title, content, interview_cnt, deadline, in_date, in_user_id, up_date, up_user_id)
values (:1, :2, :3, :4, :5, to_char(sysdate, 'YYYYMMDD.HH24MISS'), :6, to_char(sysdate, 'YYYYMMDD.HH24MISS'), :7)
2021-03-03 16:21:24,824 - MyLog - DEBUG - 
SELECT survey_id,
       title,
       content,
       interview_cnt,
       deadline,
       in_date,
       in_user_id,
       up_date,
       up_user_id
from survey
2021-03-03 16:21:24,824 - MyLog - DEBUG - 
SELECT survey_id,
       title,
       content,
       interview_cnt,
       deadline,
       in_date,
       in_user_id,
       up_date,
       up_user_id
from survey
2021-03-03 16:21:24,824 - MyLog - DEBUG - 
SELECT survey_id,
       title,
       content,
       interview_cnt,
       deadline,
       in_date,
       in_user_id,
       up_date,
       up_user_id
from survey
2021-03-03 16:36:27,846 - MyLog - DEBUG - 
SELECT survey_id,
       title,
       content,
       interview_cnt,
       deadline,
       in_date,
       in_user_id,
       up_date,
       up_user_id
from survey
2021-03-03 16:36:33,859 - MyLog - DEBUG - 
SELECT survey_id,
       title,
       content,
       interview_cnt,
       deadline,
       in_date,
       in_user_id,
       up_date,
       up_user_id
from survey
2021-03-03 16:36:33,859 - MyLog - DEBUG - 
SELECT survey_id,
       title,
       content,
       interview_cnt,
       deadline,
       in_date,
       in_user_id,
       up_date,
       up_user_id
from survey
2021-03-03 16:36:45,213 - MyLog - DEBUG - 
SELECT survey_id,
       title,
       content,
       interview_cnt,
       deadline,
       in_date,
       in_user_id,
       up_date,
       up_user_id
from survey
2021-03-03 16:36:45,213 - MyLog - DEBUG - 
SELECT survey_id,
       title,
       content,
       interview_cnt,
       deadline,
       in_date,
       in_user_id,
       up_date,
       up_user_id
from survey
2021-03-03 16:36:45,213 - MyLog - DEBUG - 
SELECT survey_id,
       title,
       content,
       interview_cnt,
       deadline,
       in_date,
       in_user_id,
       up_date,
       up_user_id
from survey
2021-03-03 16:37:56,940 - MyLog - DEBUG - 
SELECT survey_id,
       title,
       content,
       interview_cnt,
       deadline,
       in_date,
       in_user_id,
       up_date,
       up_user_id
from survey
2021-03-03 16:47:16,713 - MyLog - DEBUG - 
SELECT survey_id,
       title,
       content,
       interview_cnt,
       deadline,
       in_date,
       in_user_id,
       up_date,
       up_user_id
from survey
2021-03-03 16:47:16,713 - MyLog - DEBUG - 
SELECT survey_id,
       title,
       content,
       interview_cnt,
       deadline,
       in_date,
       in_user_id,
       up_date,
       up_user_id
from survey
